<?xml version="1.0" encoding="UTF-8"?>
<!-- Generated by org.testng.reporters.JUnitReportReporter -->
<testsuite skipped="0" hostname="DESKTOP-0F2R76M" name="DataProviderTestNG" tests="2" failures="0" timestamp="07 Jan 2018 08:44:38 GMT" time="30.569" errors="0">
  <testcase name="sinUp" time="15.349" classname="DataProviderTestNG"/>
  <testcase name="sinUp" time="15.220" classname="DataProviderTestNG"/>
</testsuite> <!-- DataProviderTestNG -->
